{"C:\\Users\\LAB-48\\Desktop\\aula8\\inpe-alertas\\aulas\\projeto-inpe-teste\\src\\alerta.js": {"path":"C:\\Users\\LAB-48\\Desktop\\aula8\\inpe-alertas\\aulas\\projeto-inpe-teste\\src\\alerta.js","statementMap":{"0":{"start":{"line":3,"column":2},"end":{"line":3,"column":35}},"1":{"start":{"line":3,"column":18},"end":{"line":3,"column":35}},"2":{"start":{"line":4,"column":2},"end":{"line":4,"column":32}},"3":{"start":{"line":4,"column":18},"end":{"line":4,"column":32}},"4":{"start":{"line":5,"column":2},"end":{"line":5,"column":20}},"5":{"start":{"line":9,"column":0},"end":{"line":9,"column":39}}},"fnMap":{"0":{"name":"classificarAlerta","decl":{"start":{"line":2,"column":9},"end":{"line":2,"column":26}},"loc":{"start":{"line":2,"column":34},"end":{"line":6,"column":1}},"line":2}},"branchMap":{"0":{"loc":{"start":{"line":3,"column":2},"end":{"line":3,"column":35}},"type":"if","locations":[{"start":{"line":3,"column":2},"end":{"line":3,"column":35}},{"start":{},"end":{}}],"line":3},"1":{"loc":{"start":{"line":4,"column":2},"end":{"line":4,"column":32}},"type":"if","locations":[{"start":{"line":4,"column":2},"end":{"line":4,"column":32}},{"start":{},"end":{}}],"line":4}},"s":{"0":12,"1":4,"2":8,"3":4,"4":4,"5":1},"f":{"0":12},"b":{"0":[4,8],"1":[4,4]},"_coverageSchema":"1a1c01bbd47fc00a2c39e90264f33305004495a9","hash":"ad3c917c4fd2c6651126835a6c654707ea739e0e"}
}
